[Sun Jun 12 00:47:20 2022] [Info] [Log] Log allocated
[Sun Jun 12 00:47:20 2022] [Info] [Service] Class version 1.0
[Sun Jun 12 00:47:20 2022] [Info] Parsing launch path for boot xex from HDD:\launch.ini
[Sun Jun 12 00:47:20 2022] [Info] Launch path acquired: dash.xex
[Sun Jun 12 00:47:20 2022] [Info] Opting out of using COD AW bypasses!
[Sun Jun 12 00:47:20 2022] [Info] Initializing #528bb4
[Sun Jun 12 00:47:20 2022] [Info] Initializing #c6c763e3
[Sun Jun 12 00:47:20 2022] [Info] Initializing #8e2a71b
[Sun Jun 12 00:47:20 2022] [Info] Initializing #39829ea5
[Sun Jun 12 00:47:20 2022] [Info] Initializing #fe65cb3es
[Sun Jun 12 00:47:20 2022] [Info] Initializing #729faa21
[Sun Jun 12 00:47:20 2022] [Info] Initializing #ad23c26a
[Sun Jun 12 00:47:20 2022] [Info] Initializing #c4999ec5
[Sun Jun 12 00:47:20 2022] [Info] Initializing #5a67b09a
[Sun Jun 12 00:47:20 2022] [Info] Loading KV from kv.bin
[Sun Jun 12 00:47:20 2022] [Info] KV set!
[Sun Jun 12 00:47:21 2022] [Info] Initialized successfully!
[Sun Jun 12 00:47:21 2022] [Info] Boot XEX: dash.xex
[Sun Jun 12 00:47:21 2022] [Info] szRandomKey: 10178B5C9E090E0926078B59738 

[Sun Jun 12 00:47:21 2022] [Info] Connect 1
[Sun Jun 12 00:47:21 2022] [Info] Connect 2
[Sun Jun 12 00:47:21 2022] [Info] Connect 3
[Sun Jun 12 00:47:21 2022] [Info] Connect 3
[Sun Jun 12 00:47:21 2022] [Info] Recieved 1 

[Sun Jun 12 00:47:21 2022] [Info] Recieved 2 

[Sun Jun 12 00:47:21 2022] [Info] Recieved 3 

[Sun Jun 12 00:47:21 2022] [Info] RC4: 10190E1000090E0924878B599F8 

[Sun Jun 12 00:47:21 2022] [Info] Recieved 4 

[Sun Jun 12 00:47:21 2022] [Info] Connect 4
[Sun Jun 12 00:47:21 2022] [Info] Connect 5
[Sun Jun 12 00:47:21 2022] [Info] Connect 5_1
[Sun Jun 12 00:47:21 2022] [Info] Connect 6
[Sun Jun 12 00:47:21 2022] [Info] szRandomKey: BAFFFFFFFF90E0926078B59738 

[Sun Jun 12 00:47:21 2022] [Info] Welcome Connect 1 

[Sun Jun 12 00:47:21 2022] [Info] Welcome Connect 2 

[Sun Jun 12 00:47:21 2022] [Info] Welcome Connect 3 

[Sun Jun 12 00:47:21 2022] [Info] Welcome Connect 4 

[Sun Jun 12 00:47:23 2022] [Info] Connect 3
[Sun Jun 12 00:47:23 2022] [Info] Recieved 1 

[Sun Jun 12 00:47:23 2022] [Info] Recieved 2 

[Sun Jun 12 00:47:23 2022] [Info] Recieved 3 

[Sun Jun 12 00:47:23 2022] [Info] RC4: 9790E1000090E0924878B599F8 

[Sun Jun 12 00:47:23 2022] [Info] Recieved 4 

[Sun Jun 12 00:47:23 2022] [Info] Welcome Connect 5 

[Sun Jun 12 00:47:23 2022] [Info] Welcome Connect 6 

[Sun Jun 12 00:47:23 2022] [Info] AccessToken: 10178B5B43090E0932878B58AF878B52AE078B519C078B50000F 

[Sun Jun 12 00:47:23 2022] [Info] Notify: xbLive - Freemode active! Enjoy the free time :)
[Sun Jun 12 00:47:23 2022] [Info] szRandomKey: ACFFFFFFFF90E0926078B59738 

[Sun Jun 12 00:47:24 2022] [Info] Connect 3
[Sun Jun 12 00:47:24 2022] [Info] Recieved 1 

[Sun Jun 12 00:47:24 2022] [Info] Recieved 2 

[Sun Jun 12 00:47:24 2022] [Info] Recieved 3 

[Sun Jun 12 00:47:24 2022] [Info] RC4: A190E1000090E0924878B599F8 

[Sun Jun 12 00:47:24 2022] [Info] Recieved 4 

[Sun Jun 12 00:47:24 2022] [Info] szRandomKey: ACFFFFFFFF90E0926078B59738 

[Sun Jun 12 00:47:25 2022] [Info] Connect 3
[Sun Jun 12 00:47:25 2022] [Info] Recieved 1 

[Sun Jun 12 00:47:25 2022] [Info] Recieved 2 

[Sun Jun 12 00:47:25 2022] [Info] Recieved 3 

[Sun Jun 12 00:47:25 2022] [Info] RC4: 8A90E1000090E0924878B599F8 

[Sun Jun 12 00:47:25 2022] [Info] Recieved 4 

[Sun Jun 12 00:47:25 2022] [Info] No plugins detected :(
[Sun Jun 12 00:47:34 2022] [Info] szRandomKey: C478B5BDC490E0926078B59738 

[Sun Jun 12 00:47:36 2022] [Info] Connect 3
[Sun Jun 12 00:47:36 2022] [Info] Recieved 1 

[Sun Jun 12 00:47:36 2022] [Info] Recieved 2 

[Sun Jun 12 00:47:36 2022] [Info] Recieved 3 

[Sun Jun 12 00:47:36 2022] [Info] RC4: B190E1000090E0924878B599F8 

[Sun Jun 12 00:47:36 2022] [Info] Recieved 4 

[Sun Jun 12 00:47:36 2022] [Info] Notify: xbLive - Connected to Live!
[Sun Jun 12 00:47:47 2022] [Info] szRandomKey: C478B5BFC490E0926078B59738 

[Sun Jun 12 00:47:48 2022] [Info] Connect 3
[Sun Jun 12 00:47:49 2022] [Info] Recieved 1 

[Sun Jun 12 00:47:49 2022] [Info] Recieved 2 

[Sun Jun 12 00:47:49 2022] [Info] Recieved 3 

[Sun Jun 12 00:47:49 2022] [Info] RC4: 8890E1000090E0924878B599F8 

[Sun Jun 12 00:47:49 2022] [Info] Recieved 4 

[Sun Jun 12 00:52:20 2022] [Info] szRandomKey: C478B5E39490E0926078B59738 

[Sun Jun 12 00:52:22 2022] [Info] Connect 3
[Sun Jun 12 00:52:22 2022] [Info] Recieved 1 

[Sun Jun 12 00:52:22 2022] [Info] Recieved 2 

[Sun Jun 12 00:52:22 2022] [Info] Recieved 3 

[Sun Jun 12 00:52:22 2022] [Info] RC4: FD90E1000090E0924878B599F8 

[Sun Jun 12 00:52:22 2022] [Info] Recieved 4 

[Sun Jun 12 00:52:25 2022] [Info] szRandomKey: C478B5E4B490E0926078B59738 

[Sun Jun 12 00:52:27 2022] [Info] Connect 3
[Sun Jun 12 00:52:27 2022] [Info] Recieved 1 

[Sun Jun 12 00:52:27 2022] [Info] Recieved 2 

[Sun Jun 12 00:52:27 2022] [Info] Recieved 3 

[Sun Jun 12 00:52:27 2022] [Info] RC4: E090E1000090E0924878B599F8 

[Sun Jun 12 00:52:27 2022] [Info] Recieved 4 

[Sun Jun 12 00:53:07 2022] [Info] szRandomKey: B4FFFFFFFF90E0926078B59738 

[Sun Jun 12 00:53:08 2022] [Info] Connect 3
[Sun Jun 12 00:53:08 2022] [Info] Recieved 1 

[Sun Jun 12 00:53:08 2022] [Info] Recieved 2 

[Sun Jun 12 00:53:08 2022] [Info] Recieved 3 

[Sun Jun 12 00:53:08 2022] [Info] RC4: 2590E1000090E0924878B599F8 

[Sun Jun 12 00:53:08 2022] [Info] Recieved 4 

[Sun Jun 12 00:53:21 2022] [Info] szRandomKey: C478B5E78490E0926078B59738 

[Sun Jun 12 00:53:23 2022] [Info] Connect 3
[Sun Jun 12 00:53:23 2022] [Info] Recieved 1 

[Sun Jun 12 00:53:23 2022] [Info] Recieved 2 

[Sun Jun 12 00:53:23 2022] [Info] Recieved 3 

[Sun Jun 12 00:53:23 2022] [Info] RC4: 3E90E1000090E0924878B599F8 

[Sun Jun 12 00:53:23 2022] [Info] Recieved 4 

[Sun Jun 12 00:55:24 2022] [Info] szRandomKey: C478B5E8D490E0926078B59738 

[Sun Jun 12 00:55:25 2022] [Info] Connect 3
[Sun Jun 12 00:55:25 2022] [Info] Recieved 1 

[Sun Jun 12 00:55:25 2022] [Info] Recieved 2 

[Sun Jun 12 00:55:25 2022] [Info] Recieved 3 

[Sun Jun 12 00:55:25 2022] [Info] Recieved 4 

[Sun Jun 12 00:55:25 2022] [Info] Notify: Failed to receive full payload from server!
[Sun Jun 12 00:55:25 2022] [Info] Failed #c4fabd43
[Sun Jun 12 00:55:25 2022] [Info] szRandomKey: C1190E0926078B59738 

[Sun Jun 12 00:55:25 2022] [Info] Connect 3
[Sun Jun 12 00:55:25 2022] [Info] Recieved 1 

[Sun Jun 12 00:55:25 2022] [Info] Recieved 2 

[Sun Jun 12 00:55:25 2022] [Info] Recieved 3 

[Sun Jun 12 00:55:25 2022] [Info] Recieved 4 

[Sun Jun 12 00:55:25 2022] [Info] Notify: Failed to receive full payload from server!
[Sun Jun 12 00:55:25 2022] [Info] Failed #c4fabd43
[Sun Jun 12 00:55:25 2022] [Info] szRandomKey: C1190E0926078B59738 

[Sun Jun 12 00:55:26 2022] [Info] Connect 3
[Sun Jun 12 00:55:26 2022] [Info] Recieved 1 

[Sun Jun 12 00:55:26 2022] [Info] Recieved 2 

[Sun Jun 12 00:55:26 2022] [Info] Recieved 3 

[Sun Jun 12 00:55:26 2022] [Info] Recieved 4 

[Sun Jun 12 00:55:26 2022] [Info] Notify: Failed to receive full payload from server!
[Sun Jun 12 00:55:26 2022] [Info] Failed #c4fabd43
[Sun Jun 12 00:55:26 2022] [Info] szRandomKey: C1190E0926078B59738 

[Sun Jun 12 00:55:27 2022] [Info] Connect 3
[Sun Jun 12 00:55:27 2022] [Info] Recieved 1 

[Sun Jun 12 00:55:27 2022] [Info] Recieved 2 

[Sun Jun 12 00:55:27 2022] [Info] Recieved 3 

[Sun Jun 12 00:55:39 2022] [Info] szRandomKey: C478B5EBB490E0926078B59738 

[Sun Jun 12 00:55:41 2022] [Info] Connect 3
[Sun Jun 12 00:55:41 2022] [Info] Recieved 1 

[Sun Jun 12 00:55:41 2022] [Info] Recieved 2 

[Sun Jun 12 00:55:41 2022] [Info] Recieved 3 

[Sun Jun 12 00:55:41 2022] [Info] RC4: A590E1000090E0924878B599F8 

[Sun Jun 12 00:55:41 2022] [Info] Recieved 4 

[Sun Jun 12 00:57:27 2022] [Info] szRandomKey: D9FFFFFFFF90E0926078B59738 

[Sun Jun 12 00:57:29 2022] [Info] Connect 3
[Sun Jun 12 00:57:29 2022] [Info] Recieved 1 

[Sun Jun 12 00:57:29 2022] [Info] Recieved 2 

[Sun Jun 12 00:57:29 2022] [Info] Recieved 3 

[Sun Jun 12 00:57:29 2022] [Info] RC4: 090E1000090E0924878B599F8 

[Sun Jun 12 00:57:29 2022] [Info] Recieved 4 

